=/pretest.json
{
  _: [],
  f: [
    '/home/runner/work/exp-electrochemical-equivalent-of-copper-iitk/exp-electrochemical-equivalent-of-copper-iitk/experiment/pretest.json'
  ],
  files: [
    '/home/runner/work/exp-electrochemical-equivalent-of-copper-iitk/exp-electrochemical-equivalent-of-copper-iitk/experiment/pretest.json'
  ],
  c: 'assessment',
  contentTypes: 'assessment',
  'content-types': 'assessment',
  '$0': 'validate'
}
/questions/2/difficulty: Difficulty can only be: beginner, intermediate or advanced

/questions/3/difficulty: Difficulty can only be: beginner, intermediate or advanced

/questions/4/difficulty: Difficulty can only be: beginner, intermediate or advanced

Json Error: must match "then" schema
Json Error: must match "then" schema
Failed while validating /home/runner/work/exp-electrochemical-equivalent-of-copper-iitk/exp-electrochemical-equivalent-of-copper-iitk/experiment/pretest.json
Error: Schema is Invalid
=/posttest.json
{
  _: [],
  f: [
    '/home/runner/work/exp-electrochemical-equivalent-of-copper-iitk/exp-electrochemical-equivalent-of-copper-iitk/experiment/posttest.json'
  ],
  files: [
    '/home/runner/work/exp-electrochemical-equivalent-of-copper-iitk/exp-electrochemical-equivalent-of-copper-iitk/experiment/posttest.json'
  ],
  c: 'assessment',
  contentTypes: 'assessment',
  'content-types': 'assessment',
  '$0': 'validate'
}
/questions/2/difficulty: Difficulty can only be: beginner, intermediate or advanced

/questions/3/difficulty: Difficulty can only be: beginner, intermediate or advanced

/questions/4/difficulty: Difficulty can only be: beginner, intermediate or advanced

Json Error: must match "then" schema
Json Error: must match "then" schema
Failed while validating /home/runner/work/exp-electrochemical-equivalent-of-copper-iitk/exp-electrochemical-equivalent-of-copper-iitk/experiment/posttest.json
Error: Schema is Invalid
